dell@dell-Inspiron-3576:~/Downloads/SPE/SPELab/MajorProject$ docker-compose up
[+] Running 2/2
 ! frontend Warning                                                                                                                                                                                  4.1s 
 ! backend Warning                                                                                                                                                                                   4.2s 
[+] Building 274.9s (25/25) FINISHED                                                                                                                                                       docker:default
 => [backend internal] load build definition from Dockerfile                                                                                                                                         0.4s
 => => transferring dockerfile: 152B                                                                                                                                                                 0.0s
 => [backend internal] load metadata for docker.io/library/openjdk:17                                                                                                                                3.5s
 => [backend auth] library/openjdk:pull token for registry-1.docker.io                                                                                                                               0.0s
 => [backend internal] load .dockerignore                                                                                                                                                            0.2s
 => => transferring context: 2B                                                                                                                                                                      0.0s
 => [backend internal] load build context                                                                                                                                                            0.2s
 => => transferring context: 85B                                                                                                                                                                     0.0s
 => [backend 1/2] FROM docker.io/library/openjdk:17@sha256:528707081fdb9562eb819128a9f85ae7fe000e2fbaeaf9f87662e7b3f38cb7d8                                                                          0.0s
 => CACHED [backend 2/2] ADD target/peerpulse-0.0.1-SNAPSHOT.jar app.jar                                                                                                                             0.0s
 => [backend] exporting to image                                                                                                                                                                     0.2s
 => => exporting layers                                                                                                                                                                              0.0s
 => => writing image sha256:a3797ec9b894abeb5a92f2bdbf7348bfdfe6a76fe9fba0b09e57ca376a90b2c1                                                                                                         0.0s
 => => naming to docker.io/library/peerpulse-backend                                                                                                                                                 0.1s
 => [frontend internal] load build definition from Dockerfile                                                                                                                                        1.2s
 => => transferring dockerfile: 364B                                                                                                                                                                 0.3s
 => [frontend internal] load metadata for docker.io/library/nginx:latest                                                                                                                             0.0s
 => [frontend internal] load metadata for docker.io/library/node:18.13.0                                                                                                                             2.7s
 => [frontend auth] library/node:pull token for registry-1.docker.io                                                                                                                                 0.0s
 => [frontend internal] load .dockerignore                                                                                                                                                           0.1s
 => => transferring context: 590B                                                                                                                                                                    0.0s
 => [frontend internal] load build context                                                                                                                                                           0.3s
 => => transferring context: 8.03kB                                                                                                                                                                  0.1s
 => [frontend builder 1/6] FROM docker.io/library/node:18.13.0@sha256:d871edd5b68105ebcbfcde3fe8c79d24cbdbb30430d9bd6251c57c56c7bd7646                                                               0.0s
 => [frontend stage-1 1/4] FROM docker.io/library/nginx:latest                                                                                                                                       0.0s
 => CACHED [frontend builder 2/6] WORKDIR /app                                                                                                                                                       0.0s
 => [frontend builder 3/6] COPY . .                                                                                                                                                                  3.2s
 => [frontend builder 4/6] RUN npm install                                                                                                                                                         108.6s
 => [frontend builder 5/6] RUN npm run build --prod                                                                                                                                                127.8s 
 => [frontend builder 6/6] RUN ls                                                                                                                                                                    8.5s 
 => CACHED [frontend stage-1 2/4] COPY --from=builder /app/dist/peerpulse-frontend /usr/share/nginx/html                                                                                             0.0s 
 => CACHED [frontend stage-1 3/4] RUN rm /etc/nginx/conf.d/default.conf                                                                                                                              0.0s 
 => [frontend stage-1 4/4] COPY nginx/nginx.conf /etc/nginx/conf.d                                                                                                                                   3.8s 
 => [frontend] exporting to image                                                                                                                                                                    2.3s 
 => => exporting layers                                                                                                                                                                              0.8s 
 => => writing image sha256:d21e13f9e0b6e65e0ddaf25bb3b7ff2a9bd0cbd8c2985b2cd6f94c4f164c56d0                                                                                                         0.1s 
 => => naming to docker.io/library/peerpulse-frontend                                                                                                                                                0.2s
[+] Running 1/4
 ✔ Network majorproject_default       Created                                                                                                                                                        0.4s 
 ⠏ Container majorproject-mysqldb-1   Created                                                                                                                                                       21.9s 
 ⠙ Container majorproject-backend-1   Created                                                                                                                                                       10.1s 
 ⠋ Container majorproject-frontend-1  Created                                                                                                                                                        6.0s 
Attaching to backend-1, frontend-1, mysqldb-1
mysqldb-1   | 2024-05-07 13:21:00+00:00 [Note] [Entrypoint]: Entrypoint script for MySQL Server 8.0.37-1.el8 started.
frontend-1  | /docker-entrypoint.sh: /docker-entrypoint.d/ is not empty, will attempt to perform configuration
frontend-1  | /docker-entrypoint.sh: Looking for shell scripts in /docker-entrypoint.d/
frontend-1  | /docker-entrypoint.sh: Launching /docker-entrypoint.d/10-listen-on-ipv6-by-default.sh
frontend-1  | 10-listen-on-ipv6-by-default.sh: info: /etc/nginx/conf.d/default.conf is not a file or does not exist
frontend-1  | /docker-entrypoint.sh: Sourcing /docker-entrypoint.d/15-local-resolvers.envsh
frontend-1  | /docker-entrypoint.sh: Launching /docker-entrypoint.d/20-envsubst-on-templates.sh
frontend-1  | /docker-entrypoint.sh: Launching /docker-entrypoint.d/30-tune-worker-processes.sh
frontend-1  | /docker-entrypoint.sh: Configuration complete; ready for start up
frontend-1  | 2024/05/07 13:21:09 [notice] 1#1: using the "epoll" event method
frontend-1  | 2024/05/07 13:21:09 [notice] 1#1: nginx/1.25.4
frontend-1  | 2024/05/07 13:21:09 [notice] 1#1: built by gcc 12.2.0 (Debian 12.2.0-14) 
frontend-1  | 2024/05/07 13:21:09 [notice] 1#1: OS: Linux 6.5.0-28-generic
frontend-1  | 2024/05/07 13:21:09 [notice] 1#1: getrlimit(RLIMIT_NOFILE): 1048576:1048576
frontend-1  | 2024/05/07 13:21:09 [notice] 1#1: start worker processes
frontend-1  | 2024/05/07 13:21:09 [notice] 1#1: start worker process 20
frontend-1  | 2024/05/07 13:21:09 [notice] 1#1: start worker process 21
frontend-1  | 2024/05/07 13:21:09 [notice] 1#1: start worker process 22
frontend-1  | 2024/05/07 13:21:09 [notice] 1#1: start worker process 23
frontend-1  | 2024/05/07 13:21:09 [notice] 1#1: start worker process 24
frontend-1  | 2024/05/07 13:21:09 [notice] 1#1: start worker process 25
frontend-1  | 2024/05/07 13:21:09 [notice] 1#1: start worker process 26
frontend-1  | 2024/05/07 13:21:09 [notice] 1#1: start worker process 27
mysqldb-1   | 2024-05-07 13:21:11+00:00 [Note] [Entrypoint]: Switching to dedicated user 'mysql'
mysqldb-1   | 2024-05-07 13:21:11+00:00 [Note] [Entrypoint]: Entrypoint script for MySQL Server 8.0.37-1.el8 started.
mysqldb-1   | '/var/lib/mysql/mysql.sock' -> '/var/run/mysqld/mysqld.sock'
mysqldb-1   | 2024-05-07T13:21:13.515163Z 0 [Warning] [MY-011068] [Server] The syntax '--skip-host-cache' is deprecated and will be removed in a future release. Please use SET GLOBAL host_cache_size=0 instead.
mysqldb-1   | 2024-05-07T13:21:13.535344Z 0 [System] [MY-010116] [Server] /usr/sbin/mysqld (mysqld 8.0.37) starting as process 1
mysqldb-1   | 2024-05-07T13:21:13.809585Z 1 [System] [MY-013576] [InnoDB] InnoDB initialization has started.
mysqldb-1   | 2024-05-07T13:21:20.701931Z 1 [System] [MY-013577] [InnoDB] InnoDB initialization has ended.
backend-1   | 
backend-1   |   .   ____          _            __ _ _
backend-1   |  /\\ / ___'_ __ _ _(_)_ __  __ _ \ \ \ \
backend-1   | ( ( )\___ | '_ | '_| | '_ \/ _` | \ \ \ \
backend-1   |  \\/  ___)| |_)| | | | | || (_| |  ) ) ) )
backend-1   |   '  |____| .__|_| |_|_| |_\__, | / / / /
backend-1   |  =========|_|==============|___/=/_/_/_/
backend-1   |  :: Spring Boot ::                (v3.2.5)
backend-1   | 
backend-1   | 2024-05-07T13:21:23.178Z  INFO 1 --- [peerpulse] [           main] com.spe.peerpulse.PeerpulseApplication   : Starting PeerpulseApplication v0.0.1-SNAPSHOT using Java 17.0.2 with PID 1 (/app.jar started by root in /)
backend-1   | 2024-05-07T13:21:23.549Z  INFO 1 --- [peerpulse] [           main] com.spe.peerpulse.PeerpulseApplication   : No active profile set, falling back to 1 default profile: "default"
mysqldb-1   | 2024-05-07T13:21:29.068541Z 0 [Warning] [MY-010068] [Server] CA certificate ca.pem is self signed.
mysqldb-1   | 2024-05-07T13:21:29.068707Z 0 [System] [MY-013602] [Server] Channel mysql_main configured to support TLS. Encrypted connections are now supported for this channel.
mysqldb-1   | 2024-05-07T13:21:29.523704Z 0 [Warning] [MY-011810] [Server] Insecure configuration for --pid-file: Location '/var/run/mysqld' in the path is accessible to all OS users. Consider choosing a different directory.
mysqldb-1   | 2024-05-07T13:21:30.157425Z 0 [System] [MY-010931] [Server] /usr/sbin/mysqld: ready for connections. Version: '8.0.37'  socket: '/var/run/mysqld/mysqld.sock'  port: 3306  MySQL Community Server - GPL.
mysqldb-1   | 2024-05-07T13:21:30.157540Z 0 [System] [MY-011323] [Server] X Plugin ready for connections. Bind-address: '::' port: 33060, socket: /var/run/mysqld/mysqlx.sock
backend-1   | 2024-05-07T13:21:34.921Z  INFO 1 --- [peerpulse] [           main] .s.d.r.c.RepositoryConfigurationDelegate : Bootstrapping Spring Data JPA repositories in DEFAULT mode.
backend-1   | 2024-05-07T13:21:35.332Z  INFO 1 --- [peerpulse] [           main] .s.d.r.c.RepositoryConfigurationDelegate : Finished Spring Data repository scanning in 370 ms. Found 6 JPA repository interfaces.
backend-1   | 2024-05-07T13:21:38.374Z  INFO 1 --- [peerpulse] [           main] o.s.b.w.embedded.tomcat.TomcatWebServer  : Tomcat initialized with port 8500 (http)
backend-1   | 2024-05-07T13:21:38.480Z  INFO 1 --- [peerpulse] [           main] o.apache.catalina.core.StandardService   : Starting service [Tomcat]
backend-1   | 2024-05-07T13:21:38.481Z  INFO 1 --- [peerpulse] [           main] o.apache.catalina.core.StandardEngine    : Starting Servlet engine: [Apache Tomcat/10.1.20]
backend-1   | 2024-05-07T13:21:38.647Z  INFO 1 --- [peerpulse] [           main] o.a.c.c.C.[Tomcat].[localhost].[/]       : Initializing Spring embedded WebApplicationContext
backend-1   | 2024-05-07T13:21:38.652Z  INFO 1 --- [peerpulse] [           main] w.s.c.ServletWebServerApplicationContext : Root WebApplicationContext: initialization completed in 13959 ms
backend-1   | 2024-05-07T13:21:39.406Z  INFO 1 --- [peerpulse] [           main] o.hibernate.jpa.internal.util.LogHelper  : HHH000204: Processing PersistenceUnitInfo [name: default]
backend-1   | 2024-05-07T13:21:39.757Z  INFO 1 --- [peerpulse] [           main] org.hibernate.Version                    : HHH000412: Hibernate ORM core version 6.4.4.Final
backend-1   | 2024-05-07T13:21:39.961Z  INFO 1 --- [peerpulse] [           main] o.h.c.internal.RegionFactoryInitiator    : HHH000026: Second-level cache disabled
backend-1   | 2024-05-07T13:21:41.164Z  INFO 1 --- [peerpulse] [           main] o.s.o.j.p.SpringPersistenceUnitInfo      : No LoadTimeWeaver setup: ignoring JPA class transformer
backend-1   | 2024-05-07T13:21:41.300Z  INFO 1 --- [peerpulse] [           main] com.zaxxer.hikari.HikariDataSource       : HikariPool-1 - Starting...
backend-1   | 2024-05-07T13:21:43.200Z  INFO 1 --- [peerpulse] [           main] com.zaxxer.hikari.pool.HikariPool        : HikariPool-1 - Added connection com.mysql.cj.jdbc.ConnectionImpl@17884d
backend-1   | 2024-05-07T13:21:43.208Z  INFO 1 --- [peerpulse] [           main] com.zaxxer.hikari.HikariDataSource       : HikariPool-1 - Start completed.
backend-1   | 2024-05-07T13:21:47.736Z  INFO 1 --- [peerpulse] [           main] o.h.e.t.j.p.i.JtaPlatformInitiator       : HHH000489: No JTA platform available (set 'hibernate.transaction.jta.platform' to enable JTA platform integration)
backend-1   | 2024-05-07T13:21:48.542Z  INFO 1 --- [peerpulse] [           main] j.LocalContainerEntityManagerFactoryBean : Initialized JPA EntityManagerFactory for persistence unit 'default'
backend-1   | 2024-05-07T13:21:49.732Z  INFO 1 --- [peerpulse] [           main] o.s.d.j.r.query.QueryEnhancerFactory     : Hibernate is in classpath; If applicable, HQL parser will be used.
backend-1   | 2024-05-07T13:21:51.710Z  WARN 1 --- [peerpulse] [           main] JpaBaseConfiguration$JpaWebConfiguration : spring.jpa.open-in-view is enabled by default. Therefore, database queries may be performed during view rendering. Explicitly configure spring.jpa.open-in-view to disable this warning
backend-1   | 2024-05-07T13:21:54.519Z  INFO 1 --- [peerpulse] [           main] o.s.s.web.DefaultSecurityFilterChain     : Will secure any request with [org.springframework.security.web.session.DisableEncodeUrlFilter@1c96bf1e, org.springframework.security.web.context.request.async.WebAsyncManagerIntegrationFilter@7890324e, org.springframework.security.web.context.SecurityContextHolderFilter@1d0acb8f, org.springframework.security.web.header.HeaderWriterFilter@7b6b8cea, org.springframework.web.filter.CorsFilter@14764fdd, org.springframework.security.web.authentication.logout.LogoutFilter@1a3a6216, com.spe.peerpulse.utils.JwtAuthenticationFilter@6c3884f5, org.springframework.security.web.savedrequest.RequestCacheAwareFilter@3b60be3, org.springframework.security.web.servletapi.SecurityContextHolderAwareRequestFilter@2f3565c0, org.springframework.security.web.authentication.AnonymousAuthenticationFilter@402fdef1, org.springframework.security.web.session.SessionManagementFilter@7cf166db, org.springframework.security.web.access.ExceptionTranslationFilter@5cef5fc9, org.springframework.security.web.access.intercept.AuthorizationFilter@78839c2e]
backend-1   | 2024-05-07T13:21:55.547Z  INFO 1 --- [peerpulse] [           main] o.s.b.w.embedded.tomcat.TomcatWebServer  : Tomcat started on port 8500 (http) with context path ''
backend-1   | 2024-05-07T13:21:55.681Z  INFO 1 --- [peerpulse] [           main] com.spe.peerpulse.PeerpulseApplication   : Started PeerpulseApplication in 41.127 seconds (process running for 50.466)
frontend-1  | 172.18.0.1 - - [07/May/2024:13:22:16 +0000] "GET / HTTP/1.1" 200 3120 "-" "Mozilla/5.0 (X11; Linux x86_64) AppleWebKit/537.36 (KHTML, like Gecko) Chrome/124.0.0.0 Safari/537.36" "-"
frontend-1  | 172.18.0.1 - - [07/May/2024:13:22:17 +0000] "GET /polyfills.a06aab64356b171c.js HTTP/1.1" 200 33883 "http://localhost:8080/" "Mozilla/5.0 (X11; Linux x86_64) AppleWebKit/537.36 (KHTML, like Gecko) Chrome/124.0.0.0 Safari/537.36" "-"
frontend-1  | 172.18.0.1 - - [07/May/2024:13:22:17 +0000] "GET /runtime.2c62ed252e031d68.js HTTP/1.1" 200 1086 "http://localhost:8080/" "Mozilla/5.0 (X11; Linux x86_64) AppleWebKit/537.36 (KHTML, like Gecko) Chrome/124.0.0.0 Safari/537.36" "-"
frontend-1  | 172.18.0.1 - - [07/May/2024:13:22:17 +0000] "GET /main.d15a7130afca3218.js HTTP/1.1" 200 596727 "http://localhost:8080/" "Mozilla/5.0 (X11; Linux x86_64) AppleWebKit/537.36 (KHTML, like Gecko) Chrome/124.0.0.0 Safari/537.36" "-"
frontend-1  | 172.18.0.1 - - [07/May/2024:13:22:17 +0000] "GET /styles.8bb40e7feb76c08c.css HTTP/1.1" 200 267966 "http://localhost:8080/" "Mozilla/5.0 (X11; Linux x86_64) AppleWebKit/537.36 (KHTML, like Gecko) Chrome/124.0.0.0 Safari/537.36" "-"
frontend-1  | 172.18.0.1 - - [07/May/2024:13:22:18 +0000] "GET /favicon.ico HTTP/1.1" 200 948 "http://localhost:8080/" "Mozilla/5.0 (X11; Linux x86_64) AppleWebKit/537.36 (KHTML, like Gecko) Chrome/124.0.0.0 Safari/537.36" "-"
backend-1   | 2024-05-07T13:22:19.083Z  INFO 1 --- [peerpulse] [nio-8500-exec-1] o.a.c.c.C.[Tomcat].[localhost].[/]       : Initializing Spring DispatcherServlet 'dispatcherServlet'
backend-1   | 2024-05-07T13:22:19.084Z  INFO 1 --- [peerpulse] [nio-8500-exec-1] o.s.web.servlet.DispatcherServlet        : Initializing Servlet 'dispatcherServlet'
backend-1   | 2024-05-07T13:22:19.088Z  INFO 1 --- [peerpulse] [nio-8500-exec-1] o.s.web.servlet.DispatcherServlet        : Completed initialization in 3 ms
frontend-1  | 172.18.0.1 - - [07/May/2024:13:22:19 +0000] "GET /app/session/alive HTTP/1.1" 403 0 "http://localhost:8080/" "Mozilla/5.0 (X11; Linux x86_64) AppleWebKit/537.36 (KHTML, like Gecko) Chrome/124.0.0.0 Safari/537.36" "-"
backend-1   | 2024-05-07T13:24:07.512Z  INFO 1 --- [peerpulse] [nio-8500-exec-2] com.spe.peerpulse.service.AuthService    : Register function is called.
backend-1   | Hibernate: insert into user (email,firstname,lastname,password,phone_number,role,username) values (?,?,?,?,?,?,?)
backend-1   | 2024-05-07T13:24:10.684Z  INFO 1 --- [peerpulse] [nio-8500-exec-2] com.spe.peerpulse.service.JwtService     : Generating token for user: instructor1
backend-1   | 2024-05-07T13:24:10.685Z  INFO 1 --- [peerpulse] [nio-8500-exec-2] com.spe.peerpulse.service.JwtService     : Generating JWT token for instructor1
frontend-1  | 172.18.0.1 - - [07/May/2024:13:24:10 +0000] "POST /app/auth/register HTTP/1.1" 200 281 "http://localhost:8080/register" "Mozilla/5.0 (X11; Linux x86_64) AppleWebKit/537.36 (KHTML, like Gecko) Chrome/124.0.0.0 Safari/537.36" "-"
backend-1   | 2024-05-07T13:24:54.107Z  INFO 1 --- [peerpulse] [nio-8500-exec-3] com.spe.peerpulse.service.AuthService    : Login function is called.
backend-1   | 2024-05-07T13:24:54.434Z  INFO 1 --- [peerpulse] [nio-8500-exec-3] c.s.p.service.UserDetailsServiceImpl     : Loading user by username: instructor1
backend-1   | Hibernate: select u1_0.id,u1_0.email,u1_0.firstname,u1_0.lastname,u1_0.password,u1_0.phone_number,u1_0.role,u1_0.username from user u1_0 where u1_0.username=?
backend-1   | Hibernate: select u1_0.id,u1_0.email,u1_0.firstname,u1_0.lastname,u1_0.password,u1_0.phone_number,u1_0.role,u1_0.username from user u1_0 where u1_0.username=?
backend-1   | 2024-05-07T13:24:56.135Z  INFO 1 --- [peerpulse] [nio-8500-exec-3] com.spe.peerpulse.service.JwtService     : Generating token for user: instructor1
backend-1   | 2024-05-07T13:24:56.135Z  INFO 1 --- [peerpulse] [nio-8500-exec-3] com.spe.peerpulse.service.JwtService     : Generating JWT token for instructor1
backend-1   | 2024-05-07T13:24:56.139Z  INFO 1 --- [peerpulse] [nio-8500-exec-3] com.spe.peerpulse.service.AuthService    : Sending the jwt token back
frontend-1  | 172.18.0.1 - - [07/May/2024:13:24:56 +0000] "POST /app/auth/login HTTP/1.1" 200 321 "http://localhost:8080/login" "Mozilla/5.0 (X11; Linux x86_64) AppleWebKit/537.36 (KHTML, like Gecko) Chrome/124.0.0.0 Safari/537.36" "-"
backend-1   | 2024-05-07T13:24:56.185Z  INFO 1 --- [peerpulse] [nio-8500-exec-4] com.spe.peerpulse.service.JwtService     : Extracting all claims from token: eyJhbGciOiJIUzI1NiJ9.eyJzdWIiOiJpbnN0cnVjdG9yMSIsImlhdCI6MTcxNTA4ODI5NiwiZXhwIjoxNzE1MDkxODk2fQ.UP-zgfzkf4dJgebyPFunj8UC0r2B_rgu0j531bRapXQ
backend-1   | 2024-05-07T13:24:56.290Z  INFO 1 --- [peerpulse] [nio-8500-exec-4] c.s.p.service.UserDetailsServiceImpl     : Loading user by username: instructor1
backend-1   | Hibernate: select u1_0.id,u1_0.email,u1_0.firstname,u1_0.lastname,u1_0.password,u1_0.phone_number,u1_0.role,u1_0.username from user u1_0 where u1_0.username=?
backend-1   | 2024-05-07T13:24:56.435Z  INFO 1 --- [peerpulse] [nio-8500-exec-4] com.spe.peerpulse.service.JwtService     : Extracting all claims from token: eyJhbGciOiJIUzI1NiJ9.eyJzdWIiOiJpbnN0cnVjdG9yMSIsImlhdCI6MTcxNTA4ODI5NiwiZXhwIjoxNzE1MDkxODk2fQ.UP-zgfzkf4dJgebyPFunj8UC0r2B_rgu0j531bRapXQ
backend-1   | 2024-05-07T13:24:56.443Z  INFO 1 --- [peerpulse] [nio-8500-exec-4] com.spe.peerpulse.service.JwtService     : Extracting username from token: eyJhbGciOiJIUzI1NiJ9.eyJzdWIiOiJpbnN0cnVjdG9yMSIsImlhdCI6MTcxNTA4ODI5NiwiZXhwIjoxNzE1MDkxODk2fQ.UP-zgfzkf4dJgebyPFunj8UC0r2B_rgu0j531bRapXQ
backend-1   | 2024-05-07T13:24:56.444Z  INFO 1 --- [peerpulse] [nio-8500-exec-4] com.spe.peerpulse.service.JwtService     : Comparing token username: instructor1 with user details username: instructor1
backend-1   | 2024-05-07T13:24:56.444Z  INFO 1 --- [peerpulse] [nio-8500-exec-4] com.spe.peerpulse.service.JwtService     : Extracting expiration date from token: eyJhbGciOiJIUzI1NiJ9.eyJzdWIiOiJpbnN0cnVjdG9yMSIsImlhdCI6MTcxNTA4ODI5NiwiZXhwIjoxNzE1MDkxODk2fQ.UP-zgfzkf4dJgebyPFunj8UC0r2B_rgu0j531bRapXQ
backend-1   | 2024-05-07T13:24:56.446Z  INFO 1 --- [peerpulse] [nio-8500-exec-4] com.spe.peerpulse.service.JwtService     : Extracting all claims from token: eyJhbGciOiJIUzI1NiJ9.eyJzdWIiOiJpbnN0cnVjdG9yMSIsImlhdCI6MTcxNTA4ODI5NiwiZXhwIjoxNzE1MDkxODk2fQ.UP-zgfzkf4dJgebyPFunj8UC0r2B_rgu0j531bRapXQ
backend-1   | 2024-05-07T13:24:56.453Z  INFO 1 --- [peerpulse] [nio-8500-exec-4] com.spe.peerpulse.service.JwtService     : Extracting token expiration date: Tue May 07 14:24:56 UTC 2024
backend-1   | 2024-05-07T13:24:56.454Z  INFO 1 --- [peerpulse] [nio-8500-exec-4] com.spe.peerpulse.service.JwtService     : Extracting expiration date from token: eyJhbGciOiJIUzI1NiJ9.eyJzdWIiOiJpbnN0cnVjdG9yMSIsImlhdCI6MTcxNTA4ODI5NiwiZXhwIjoxNzE1MDkxODk2fQ.UP-zgfzkf4dJgebyPFunj8UC0r2B_rgu0j531bRapXQ
backend-1   | 2024-05-07T13:24:56.455Z  INFO 1 --- [peerpulse] [nio-8500-exec-4] com.spe.peerpulse.service.JwtService     : Extracting all claims from token: eyJhbGciOiJIUzI1NiJ9.eyJzdWIiOiJpbnN0cnVjdG9yMSIsImlhdCI6MTcxNTA4ODI5NiwiZXhwIjoxNzE1MDkxODk2fQ.UP-zgfzkf4dJgebyPFunj8UC0r2B_rgu0j531bRapXQ
backend-1   | 2024-05-07T13:24:56.464Z  INFO 1 --- [peerpulse] [nio-8500-exec-4] com.spe.peerpulse.service.JwtService     : Checking if token is expired: false
backend-1   | 2024-05-07T13:24:56.464Z  INFO 1 --- [peerpulse] [nio-8500-exec-4] com.spe.peerpulse.service.JwtService     : Extracting expiration date from token: eyJhbGciOiJIUzI1NiJ9.eyJzdWIiOiJpbnN0cnVjdG9yMSIsImlhdCI6MTcxNTA4ODI5NiwiZXhwIjoxNzE1MDkxODk2fQ.UP-zgfzkf4dJgebyPFunj8UC0r2B_rgu0j531bRapXQ
backend-1   | 2024-05-07T13:24:56.465Z  INFO 1 --- [peerpulse] [nio-8500-exec-4] com.spe.peerpulse.service.JwtService     : Extracting all claims from token: eyJhbGciOiJIUzI1NiJ9.eyJzdWIiOiJpbnN0cnVjdG9yMSIsImlhdCI6MTcxNTA4ODI5NiwiZXhwIjoxNzE1MDkxODk2fQ.UP-zgfzkf4dJgebyPFunj8UC0r2B_rgu0j531bRapXQ
backend-1   | 2024-05-07T13:24:56.473Z  INFO 1 --- [peerpulse] [nio-8500-exec-4] com.spe.peerpulse.service.JwtService     : Checking if token is expired: false
backend-1   | 2024-05-07T13:24:56.474Z  INFO 1 --- [peerpulse] [nio-8500-exec-4] com.spe.peerpulse.service.JwtService     : Extracting expiration date from token: eyJhbGciOiJIUzI1NiJ9.eyJzdWIiOiJpbnN0cnVjdG9yMSIsImlhdCI6MTcxNTA4ODI5NiwiZXhwIjoxNzE1MDkxODk2fQ.UP-zgfzkf4dJgebyPFunj8UC0r2B_rgu0j531bRapXQ
backend-1   | 2024-05-07T13:24:56.475Z  INFO 1 --- [peerpulse] [nio-8500-exec-4] com.spe.peerpulse.service.JwtService     : Extracting all claims from token: eyJhbGciOiJIUzI1NiJ9.eyJzdWIiOiJpbnN0cnVjdG9yMSIsImlhdCI6MTcxNTA4ODI5NiwiZXhwIjoxNzE1MDkxODk2fQ.UP-zgfzkf4dJgebyPFunj8UC0r2B_rgu0j531bRapXQ
backend-1   | 2024-05-07T13:24:56.484Z  INFO 1 --- [peerpulse] [nio-8500-exec-4] com.spe.peerpulse.service.JwtService     : Extracting token expiration date: Tue May 07 14:24:56 UTC 2024
backend-1   | 2024-05-07T13:24:56.485Z  INFO 1 --- [peerpulse] [nio-8500-exec-4] com.spe.peerpulse.service.JwtService     : Extracting expiration date from token: eyJhbGciOiJIUzI1NiJ9.eyJzdWIiOiJpbnN0cnVjdG9yMSIsImlhdCI6MTcxNTA4ODI5NiwiZXhwIjoxNzE1MDkxODk2fQ.UP-zgfzkf4dJgebyPFunj8UC0r2B_rgu0j531bRapXQ
backend-1   | 2024-05-07T13:24:56.485Z  INFO 1 --- [peerpulse] [nio-8500-exec-4] com.spe.peerpulse.service.JwtService     : Extracting all claims from token: eyJhbGciOiJIUzI1NiJ9.eyJzdWIiOiJpbnN0cnVjdG9yMSIsImlhdCI6MTcxNTA4ODI5NiwiZXhwIjoxNzE1MDkxODk2fQ.UP-zgfzkf4dJgebyPFunj8UC0r2B_rgu0j531bRapXQ
backend-1   | 2024-05-07T13:24:56.492Z  INFO 1 --- [peerpulse] [nio-8500-exec-4] com.spe.peerpulse.service.JwtService     : Checking if token is expired: false
backend-1   | 2024-05-07T13:24:56.492Z  INFO 1 --- [peerpulse] [nio-8500-exec-4] com.spe.peerpulse.service.JwtService     : Extracting expiration date from token: eyJhbGciOiJIUzI1NiJ9.eyJzdWIiOiJpbnN0cnVjdG9yMSIsImlhdCI6MTcxNTA4ODI5NiwiZXhwIjoxNzE1MDkxODk2fQ.UP-zgfzkf4dJgebyPFunj8UC0r2B_rgu0j531bRapXQ
backend-1   | 2024-05-07T13:24:56.493Z  INFO 1 --- [peerpulse] [nio-8500-exec-4] com.spe.peerpulse.service.JwtService     : Extracting all claims from token: eyJhbGciOiJIUzI1NiJ9.eyJzdWIiOiJpbnN0cnVjdG9yMSIsImlhdCI6MTcxNTA4ODI5NiwiZXhwIjoxNzE1MDkxODk2fQ.UP-zgfzkf4dJgebyPFunj8UC0r2B_rgu0j531bRapXQ
backend-1   | 2024-05-07T13:24:56.513Z  INFO 1 --- [peerpulse] [nio-8500-exec-4] c.s.peerpulse.service.InstructorService  : Finding all classes for user with ID: 1
backend-1   | Hibernate: select c1_0.class_id,c1_0.description,c1_0.name,c1_0.teacher_id from class c1_0 left join user t1_0 on t1_0.id=c1_0.teacher_id where t1_0.id=?
frontend-1  | 172.18.0.1 - - [07/May/2024:13:24:56 +0000] "GET /app/instructor/classes HTTP/1.1" 200 12 "http://localhost:8080/instructor-dashboard" "Mozilla/5.0 (X11; Linux x86_64) AppleWebKit/537.36 (KHTML, like Gecko) Chrome/124.0.0.0 Safari/537.36" "-"
backend-1   | 2024-05-07T13:26:18.214Z  INFO 1 --- [peerpulse] [nio-8500-exec-5] com.spe.peerpulse.service.JwtService     : Extracting all claims from token: eyJhbGciOiJIUzI1NiJ9.eyJzdWIiOiJpbnN0cnVjdG9yMSIsImlhdCI6MTcxNTA4ODI5NiwiZXhwIjoxNzE1MDkxODk2fQ.UP-zgfzkf4dJgebyPFunj8UC0r2B_rgu0j531bRapXQ
backend-1   | 2024-05-07T13:26:18.220Z  INFO 1 --- [peerpulse] [nio-8500-exec-5] c.s.p.service.UserDetailsServiceImpl     : Loading user by username: instructor1
backend-1   | Hibernate: select u1_0.id,u1_0.email,u1_0.firstname,u1_0.lastname,u1_0.password,u1_0.phone_number,u1_0.role,u1_0.username from user u1_0 where u1_0.username=?
backend-1   | 2024-05-07T13:26:18.232Z  INFO 1 --- [peerpulse] [nio-8500-exec-5] com.spe.peerpulse.service.JwtService     : Extracting all claims from token: eyJhbGciOiJIUzI1NiJ9.eyJzdWIiOiJpbnN0cnVjdG9yMSIsImlhdCI6MTcxNTA4ODI5NiwiZXhwIjoxNzE1MDkxODk2fQ.UP-zgfzkf4dJgebyPFunj8UC0r2B_rgu0j531bRapXQ
backend-1   | 2024-05-07T13:26:18.239Z  INFO 1 --- [peerpulse] [nio-8500-exec-5] com.spe.peerpulse.service.JwtService     : Extracting username from token: eyJhbGciOiJIUzI1NiJ9.eyJzdWIiOiJpbnN0cnVjdG9yMSIsImlhdCI6MTcxNTA4ODI5NiwiZXhwIjoxNzE1MDkxODk2fQ.UP-zgfzkf4dJgebyPFunj8UC0r2B_rgu0j531bRapXQ
backend-1   | 2024-05-07T13:26:18.239Z  INFO 1 --- [peerpulse] [nio-8500-exec-5] com.spe.peerpulse.service.JwtService     : Comparing token username: instructor1 with user details username: instructor1
backend-1   | 2024-05-07T13:26:18.240Z  INFO 1 --- [peerpulse] [nio-8500-exec-5] com.spe.peerpulse.service.JwtService     : Extracting expiration date from token: eyJhbGciOiJIUzI1NiJ9.eyJzdWIiOiJpbnN0cnVjdG9yMSIsImlhdCI6MTcxNTA4ODI5NiwiZXhwIjoxNzE1MDkxODk2fQ.UP-zgfzkf4dJgebyPFunj8UC0r2B_rgu0j531bRapXQ
backend-1   | 2024-05-07T13:26:18.240Z  INFO 1 --- [peerpulse] [nio-8500-exec-5] com.spe.peerpulse.service.JwtService     : Extracting all claims from token: eyJhbGciOiJIUzI1NiJ9.eyJzdWIiOiJpbnN0cnVjdG9yMSIsImlhdCI6MTcxNTA4ODI5NiwiZXhwIjoxNzE1MDkxODk2fQ.UP-zgfzkf4dJgebyPFunj8UC0r2B_rgu0j531bRapXQ
backend-1   | 2024-05-07T13:26:18.247Z  INFO 1 --- [peerpulse] [nio-8500-exec-5] com.spe.peerpulse.service.JwtService     : Extracting token expiration date: Tue May 07 14:24:56 UTC 2024
backend-1   | 2024-05-07T13:26:18.247Z  INFO 1 --- [peerpulse] [nio-8500-exec-5] com.spe.peerpulse.service.JwtService     : Extracting expiration date from token: eyJhbGciOiJIUzI1NiJ9.eyJzdWIiOiJpbnN0cnVjdG9yMSIsImlhdCI6MTcxNTA4ODI5NiwiZXhwIjoxNzE1MDkxODk2fQ.UP-zgfzkf4dJgebyPFunj8UC0r2B_rgu0j531bRapXQ
backend-1   | 2024-05-07T13:26:18.248Z  INFO 1 --- [peerpulse] [nio-8500-exec-5] com.spe.peerpulse.service.JwtService     : Extracting all claims from token: eyJhbGciOiJIUzI1NiJ9.eyJzdWIiOiJpbnN0cnVjdG9yMSIsImlhdCI6MTcxNTA4ODI5NiwiZXhwIjoxNzE1MDkxODk2fQ.UP-zgfzkf4dJgebyPFunj8UC0r2B_rgu0j531bRapXQ
backend-1   | 2024-05-07T13:26:18.254Z  INFO 1 --- [peerpulse] [nio-8500-exec-5] com.spe.peerpulse.service.JwtService     : Checking if token is expired: false
backend-1   | 2024-05-07T13:26:18.255Z  INFO 1 --- [peerpulse] [nio-8500-exec-5] com.spe.peerpulse.service.JwtService     : Extracting expiration date from token: eyJhbGciOiJIUzI1NiJ9.eyJzdWIiOiJpbnN0cnVjdG9yMSIsImlhdCI6MTcxNTA4ODI5NiwiZXhwIjoxNzE1MDkxODk2fQ.UP-zgfzkf4dJgebyPFunj8UC0r2B_rgu0j531bRapXQ
backend-1   | 2024-05-07T13:26:18.255Z  INFO 1 --- [peerpulse] [nio-8500-exec-5] com.spe.peerpulse.service.JwtService     : Extracting all claims from token: eyJhbGciOiJIUzI1NiJ9.eyJzdWIiOiJpbnN0cnVjdG9yMSIsImlhdCI6MTcxNTA4ODI5NiwiZXhwIjoxNzE1MDkxODk2fQ.UP-zgfzkf4dJgebyPFunj8UC0r2B_rgu0j531bRapXQ
backend-1   | 2024-05-07T13:26:18.261Z  INFO 1 --- [peerpulse] [nio-8500-exec-5] com.spe.peerpulse.service.JwtService     : Checking if token is expired: false
backend-1   | 2024-05-07T13:26:18.262Z  INFO 1 --- [peerpulse] [nio-8500-exec-5] com.spe.peerpulse.service.JwtService     : Extracting expiration date from token: eyJhbGciOiJIUzI1NiJ9.eyJzdWIiOiJpbnN0cnVjdG9yMSIsImlhdCI6MTcxNTA4ODI5NiwiZXhwIjoxNzE1MDkxODk2fQ.UP-zgfzkf4dJgebyPFunj8UC0r2B_rgu0j531bRapXQ
backend-1   | 2024-05-07T13:26:18.262Z  INFO 1 --- [peerpulse] [nio-8500-exec-5] com.spe.peerpulse.service.JwtService     : Extracting all claims from token: eyJhbGciOiJIUzI1NiJ9.eyJzdWIiOiJpbnN0cnVjdG9yMSIsImlhdCI6MTcxNTA4ODI5NiwiZXhwIjoxNzE1MDkxODk2fQ.UP-zgfzkf4dJgebyPFunj8UC0r2B_rgu0j531bRapXQ
backend-1   | 2024-05-07T13:26:18.269Z  INFO 1 --- [peerpulse] [nio-8500-exec-5] com.spe.peerpulse.service.JwtService     : Extracting token expiration date: Tue May 07 14:24:56 UTC 2024
backend-1   | 2024-05-07T13:26:18.270Z  INFO 1 --- [peerpulse] [nio-8500-exec-5] com.spe.peerpulse.service.JwtService     : Extracting expiration date from token: eyJhbGciOiJIUzI1NiJ9.eyJzdWIiOiJpbnN0cnVjdG9yMSIsImlhdCI6MTcxNTA4ODI5NiwiZXhwIjoxNzE1MDkxODk2fQ.UP-zgfzkf4dJgebyPFunj8UC0r2B_rgu0j531bRapXQ
backend-1   | 2024-05-07T13:26:18.270Z  INFO 1 --- [peerpulse] [nio-8500-exec-5] com.spe.peerpulse.service.JwtService     : Extracting all claims from token: eyJhbGciOiJIUzI1NiJ9.eyJzdWIiOiJpbnN0cnVjdG9yMSIsImlhdCI6MTcxNTA4ODI5NiwiZXhwIjoxNzE1MDkxODk2fQ.UP-zgfzkf4dJgebyPFunj8UC0r2B_rgu0j531bRapXQ
backend-1   | 2024-05-07T13:26:18.277Z  INFO 1 --- [peerpulse] [nio-8500-exec-5] com.spe.peerpulse.service.JwtService     : Checking if token is expired: false
backend-1   | 2024-05-07T13:26:18.278Z  INFO 1 --- [peerpulse] [nio-8500-exec-5] com.spe.peerpulse.service.JwtService     : Extracting expiration date from token: eyJhbGciOiJIUzI1NiJ9.eyJzdWIiOiJpbnN0cnVjdG9yMSIsImlhdCI6MTcxNTA4ODI5NiwiZXhwIjoxNzE1MDkxODk2fQ.UP-zgfzkf4dJgebyPFunj8UC0r2B_rgu0j531bRapXQ
backend-1   | 2024-05-07T13:26:18.278Z  INFO 1 --- [peerpulse] [nio-8500-exec-5] com.spe.peerpulse.service.JwtService     : Extracting all claims from token: eyJhbGciOiJIUzI1NiJ9.eyJzdWIiOiJpbnN0cnVjdG9yMSIsImlhdCI6MTcxNTA4ODI5NiwiZXhwIjoxNzE1MDkxODk2fQ.UP-zgfzkf4dJgebyPFunj8UC0r2B_rgu0j531bRapXQ
backend-1   | 2024-05-07T13:26:18.347Z  INFO 1 --- [peerpulse] [nio-8500-exec-5] c.s.peerpulse.service.InstructorService  : Validating teacher ID: 1
backend-1   | Hibernate: select u1_0.id,u1_0.email,u1_0.firstname,u1_0.lastname,u1_0.password,u1_0.phone_number,u1_0.role,u1_0.username from user u1_0 where u1_0.id=?
backend-1   | 2024-05-07T13:26:18.381Z  INFO 1 --- [peerpulse] [nio-8500-exec-5] c.s.peerpulse.service.InstructorService  : Adding class with name: SPE and teacher ID: 1
backend-1   | Hibernate: insert into class (description,name,teacher_id) values (?,?,?)
frontend-1  | 172.18.0.1 - - [07/May/2024:13:26:19 +0000] "POST /app/instructor/class?teacherId=1 HTTP/1.1" 201 97 "http://localhost:8080/instructor-dashboard" "Mozilla/5.0 (X11; Linux x86_64) AppleWebKit/537.36 (KHTML, like Gecko) Chrome/124.0.0.0 Safari/537.36" "-"
backend-1   | 2024-05-07T13:26:21.180Z  INFO 1 --- [peerpulse] [nio-8500-exec-6] com.spe.peerpulse.service.JwtService     : Extracting all claims from token: eyJhbGciOiJIUzI1NiJ9.eyJzdWIiOiJpbnN0cnVjdG9yMSIsImlhdCI6MTcxNTA4ODI5NiwiZXhwIjoxNzE1MDkxODk2fQ.UP-zgfzkf4dJgebyPFunj8UC0r2B_rgu0j531bRapXQ
backend-1   | 2024-05-07T13:26:21.181Z  INFO 1 --- [peerpulse] [nio-8500-exec-7] com.spe.peerpulse.service.JwtService     : Extracting all claims from token: eyJhbGciOiJIUzI1NiJ9.eyJzdWIiOiJpbnN0cnVjdG9yMSIsImlhdCI6MTcxNTA4ODI5NiwiZXhwIjoxNzE1MDkxODk2fQ.UP-zgfzkf4dJgebyPFunj8UC0r2B_rgu0j531bRapXQ
backend-1   | 2024-05-07T13:26:21.182Z  INFO 1 --- [peerpulse] [nio-8500-exec-8] com.spe.peerpulse.service.JwtService     : Extracting all claims from token: eyJhbGciOiJIUzI1NiJ9.eyJzdWIiOiJpbnN0cnVjdG9yMSIsImlhdCI6MTcxNTA4ODI5NiwiZXhwIjoxNzE1MDkxODk2fQ.UP-zgfzkf4dJgebyPFunj8UC0r2B_rgu0j531bRapXQ
backend-1   | 2024-05-07T13:26:21.188Z  INFO 1 --- [peerpulse] [nio-8500-exec-7] c.s.p.service.UserDetailsServiceImpl     : Loading user by username: instructor1
backend-1   | 2024-05-07T13:26:21.190Z  INFO 1 --- [peerpulse] [nio-8500-exec-8] c.s.p.service.UserDetailsServiceImpl     : Loading user by username: instructor1
backend-1   | 2024-05-07T13:26:21.188Z  INFO 1 --- [peerpulse] [nio-8500-exec-6] c.s.p.service.UserDetailsServiceImpl     : Loading user by username: instructor1
backend-1   | Hibernate: select u1_0.id,u1_0.email,u1_0.firstname,u1_0.lastname,u1_0.password,u1_0.phone_number,u1_0.role,u1_0.username from user u1_0 where u1_0.username=?
backend-1   | Hibernate: select u1_0.id,u1_0.email,u1_0.firstname,u1_0.lastname,u1_0.password,u1_0.phone_number,u1_0.role,u1_0.username from user u1_0 where u1_0.username=?
backend-1   | Hibernate: select u1_0.id,u1_0.email,u1_0.firstname,u1_0.lastname,u1_0.password,u1_0.phone_number,u1_0.role,u1_0.username from user u1_0 where u1_0.username=?
backend-1   | 2024-05-07T13:26:21.205Z  INFO 1 --- [peerpulse] [nio-8500-exec-7] com.spe.peerpulse.service.JwtService     : Extracting all claims from token: eyJhbGciOiJIUzI1NiJ9.eyJzdWIiOiJpbnN0cnVjdG9yMSIsImlhdCI6MTcxNTA4ODI5NiwiZXhwIjoxNzE1MDkxODk2fQ.UP-zgfzkf4dJgebyPFunj8UC0r2B_rgu0j531bRapXQ
backend-1   | 2024-05-07T13:26:21.209Z  INFO 1 --- [peerpulse] [nio-8500-exec-8] com.spe.peerpulse.service.JwtService     : Extracting all claims from token: eyJhbGciOiJIUzI1NiJ9.eyJzdWIiOiJpbnN0cnVjdG9yMSIsImlhdCI6MTcxNTA4ODI5NiwiZXhwIjoxNzE1MDkxODk2fQ.UP-zgfzkf4dJgebyPFunj8UC0r2B_rgu0j531bRapXQ
backend-1   | 2024-05-07T13:26:21.212Z  INFO 1 --- [peerpulse] [nio-8500-exec-6] com.spe.peerpulse.service.JwtService     : Extracting all claims from token: eyJhbGciOiJIUzI1NiJ9.eyJzdWIiOiJpbnN0cnVjdG9yMSIsImlhdCI6MTcxNTA4ODI5NiwiZXhwIjoxNzE1MDkxODk2fQ.UP-zgfzkf4dJgebyPFunj8UC0r2B_rgu0j531bRapXQ
backend-1   | 2024-05-07T13:26:21.214Z  INFO 1 --- [peerpulse] [nio-8500-exec-7] com.spe.peerpulse.service.JwtService     : Extracting username from token: eyJhbGciOiJIUzI1NiJ9.eyJzdWIiOiJpbnN0cnVjdG9yMSIsImlhdCI6MTcxNTA4ODI5NiwiZXhwIjoxNzE1MDkxODk2fQ.UP-zgfzkf4dJgebyPFunj8UC0r2B_rgu0j531bRapXQ
backend-1   | 2024-05-07T13:26:21.214Z  INFO 1 --- [peerpulse] [nio-8500-exec-7] com.spe.peerpulse.service.JwtService     : Comparing token username: instructor1 with user details username: instructor1
backend-1   | 2024-05-07T13:26:21.215Z  INFO 1 --- [peerpulse] [nio-8500-exec-7] com.spe.peerpulse.service.JwtService     : Extracting expiration date from token: eyJhbGciOiJIUzI1NiJ9.eyJzdWIiOiJpbnN0cnVjdG9yMSIsImlhdCI6MTcxNTA4ODI5NiwiZXhwIjoxNzE1MDkxODk2fQ.UP-zgfzkf4dJgebyPFunj8UC0r2B_rgu0j531bRapXQ
backend-1   | 2024-05-07T13:26:21.215Z  INFO 1 --- [peerpulse] [nio-8500-exec-7] com.spe.peerpulse.service.JwtService     : Extracting all claims from token: eyJhbGciOiJIUzI1NiJ9.eyJzdWIiOiJpbnN0cnVjdG9yMSIsImlhdCI6MTcxNTA4ODI5NiwiZXhwIjoxNzE1MDkxODk2fQ.UP-zgfzkf4dJgebyPFunj8UC0r2B_rgu0j531bRapXQ
backend-1   | 2024-05-07T13:26:21.217Z  INFO 1 --- [peerpulse] [nio-8500-exec-8] com.spe.peerpulse.service.JwtService     : Extracting username from token: eyJhbGciOiJIUzI1NiJ9.eyJzdWIiOiJpbnN0cnVjdG9yMSIsImlhdCI6MTcxNTA4ODI5NiwiZXhwIjoxNzE1MDkxODk2fQ.UP-zgfzkf4dJgebyPFunj8UC0r2B_rgu0j531bRapXQ
backend-1   | 2024-05-07T13:26:21.218Z  INFO 1 --- [peerpulse] [nio-8500-exec-8] com.spe.peerpulse.service.JwtService     : Comparing token username: instructor1 with user details username: instructor1
backend-1   | 2024-05-07T13:26:21.218Z  INFO 1 --- [peerpulse] [nio-8500-exec-8] com.spe.peerpulse.service.JwtService     : Extracting expiration date from token: eyJhbGciOiJIUzI1NiJ9.eyJzdWIiOiJpbnN0cnVjdG9yMSIsImlhdCI6MTcxNTA4ODI5NiwiZXhwIjoxNzE1MDkxODk2fQ.UP-zgfzkf4dJgebyPFunj8UC0r2B_rgu0j531bRapXQ
backend-1   | 2024-05-07T13:26:21.219Z  INFO 1 --- [peerpulse] [nio-8500-exec-8] com.spe.peerpulse.service.JwtService     : Extracting all claims from token: eyJhbGciOiJIUzI1NiJ9.eyJzdWIiOiJpbnN0cnVjdG9yMSIsImlhdCI6MTcxNTA4ODI5NiwiZXhwIjoxNzE1MDkxODk2fQ.UP-zgfzkf4dJgebyPFunj8UC0r2B_rgu0j531bRapXQ
backend-1   | 2024-05-07T13:26:21.223Z  INFO 1 --- [peerpulse] [nio-8500-exec-7] com.spe.peerpulse.service.JwtService     : Extracting token expiration date: Tue May 07 14:24:56 UTC 2024
backend-1   | 2024-05-07T13:26:21.224Z  INFO 1 --- [peerpulse] [nio-8500-exec-7] com.spe.peerpulse.service.JwtService     : Extracting expiration date from token: eyJhbGciOiJIUzI1NiJ9.eyJzdWIiOiJpbnN0cnVjdG9yMSIsImlhdCI6MTcxNTA4ODI5NiwiZXhwIjoxNzE1MDkxODk2fQ.UP-zgfzkf4dJgebyPFunj8UC0r2B_rgu0j531bRapXQ
backend-1   | 2024-05-07T13:26:21.225Z  INFO 1 --- [peerpulse] [nio-8500-exec-7] com.spe.peerpulse.service.JwtService     : Extracting all claims from token: eyJhbGciOiJIUzI1NiJ9.eyJzdWIiOiJpbnN0cnVjdG9yMSIsImlhdCI6MTcxNTA4ODI5NiwiZXhwIjoxNzE1MDkxODk2fQ.UP-zgfzkf4dJgebyPFunj8UC0r2B_rgu0j531bRapXQ
backend-1   | 2024-05-07T13:26:21.226Z  INFO 1 --- [peerpulse] [nio-8500-exec-8] com.spe.peerpulse.service.JwtService     : Extracting token expiration date: Tue May 07 14:24:56 UTC 2024
backend-1   | 2024-05-07T13:26:21.227Z  INFO 1 --- [peerpulse] [nio-8500-exec-8] com.spe.peerpulse.service.JwtService     : Extracting expiration date from token: eyJhbGciOiJIUzI1NiJ9.eyJzdWIiOiJpbnN0cnVjdG9yMSIsImlhdCI6MTcxNTA4ODI5NiwiZXhwIjoxNzE1MDkxODk2fQ.UP-zgfzkf4dJgebyPFunj8UC0r2B_rgu0j531bRapXQ
backend-1   | 2024-05-07T13:26:21.224Z  INFO 1 --- [peerpulse] [nio-8500-exec-6] com.spe.peerpulse.service.JwtService     : Extracting username from token: eyJhbGciOiJIUzI1NiJ9.eyJzdWIiOiJpbnN0cnVjdG9yMSIsImlhdCI6MTcxNTA4ODI5NiwiZXhwIjoxNzE1MDkxODk2fQ.UP-zgfzkf4dJgebyPFunj8UC0r2B_rgu0j531bRapXQ
backend-1   | 2024-05-07T13:26:21.227Z  INFO 1 --- [peerpulse] [nio-8500-exec-8] com.spe.peerpulse.service.JwtService     : Extracting all claims from token: eyJhbGciOiJIUzI1NiJ9.eyJzdWIiOiJpbnN0cnVjdG9yMSIsImlhdCI6MTcxNTA4ODI5NiwiZXhwIjoxNzE1MDkxODk2fQ.UP-zgfzkf4dJgebyPFunj8UC0r2B_rgu0j531bRapXQ
backend-1   | 2024-05-07T13:26:21.228Z  INFO 1 --- [peerpulse] [nio-8500-exec-6] com.spe.peerpulse.service.JwtService     : Comparing token username: instructor1 with user details username: instructor1
backend-1   | 2024-05-07T13:26:21.229Z  INFO 1 --- [peerpulse] [nio-8500-exec-6] com.spe.peerpulse.service.JwtService     : Extracting expiration date from token: eyJhbGciOiJIUzI1NiJ9.eyJzdWIiOiJpbnN0cnVjdG9yMSIsImlhdCI6MTcxNTA4ODI5NiwiZXhwIjoxNzE1MDkxODk2fQ.UP-zgfzkf4dJgebyPFunj8UC0r2B_rgu0j531bRapXQ
backend-1   | 2024-05-07T13:26:21.229Z  INFO 1 --- [peerpulse] [nio-8500-exec-6] com.spe.peerpulse.service.JwtService     : Extracting all claims from token: eyJhbGciOiJIUzI1NiJ9.eyJzdWIiOiJpbnN0cnVjdG9yMSIsImlhdCI6MTcxNTA4ODI5NiwiZXhwIjoxNzE1MDkxODk2fQ.UP-zgfzkf4dJgebyPFunj8UC0r2B_rgu0j531bRapXQ
backend-1   | 2024-05-07T13:26:21.234Z  INFO 1 --- [peerpulse] [nio-8500-exec-8] com.spe.peerpulse.service.JwtService     : Checking if token is expired: false
backend-1   | 2024-05-07T13:26:21.235Z  INFO 1 --- [peerpulse] [nio-8500-exec-8] com.spe.peerpulse.service.JwtService     : Extracting expiration date from token: eyJhbGciOiJIUzI1NiJ9.eyJzdWIiOiJpbnN0cnVjdG9yMSIsImlhdCI6MTcxNTA4ODI5NiwiZXhwIjoxNzE1MDkxODk2fQ.UP-zgfzkf4dJgebyPFunj8UC0r2B_rgu0j531bRapXQ
backend-1   | 2024-05-07T13:26:21.235Z  INFO 1 --- [peerpulse] [nio-8500-exec-8] com.spe.peerpulse.service.JwtService     : Extracting all claims from token: eyJhbGciOiJIUzI1NiJ9.eyJzdWIiOiJpbnN0cnVjdG9yMSIsImlhdCI6MTcxNTA4ODI5NiwiZXhwIjoxNzE1MDkxODk2fQ.UP-zgfzkf4dJgebyPFunj8UC0r2B_rgu0j531bRapXQ
backend-1   | 2024-05-07T13:26:21.234Z  INFO 1 --- [peerpulse] [nio-8500-exec-7] com.spe.peerpulse.service.JwtService     : Checking if token is expired: false
backend-1   | 2024-05-07T13:26:21.237Z  INFO 1 --- [peerpulse] [nio-8500-exec-7] com.spe.peerpulse.service.JwtService     : Extracting expiration date from token: eyJhbGciOiJIUzI1NiJ9.eyJzdWIiOiJpbnN0cnVjdG9yMSIsImlhdCI6MTcxNTA4ODI5NiwiZXhwIjoxNzE1MDkxODk2fQ.UP-zgfzkf4dJgebyPFunj8UC0r2B_rgu0j531bRapXQ
backend-1   | 2024-05-07T13:26:21.238Z  INFO 1 --- [peerpulse] [nio-8500-exec-7] com.spe.peerpulse.service.JwtService     : Extracting all claims from token: eyJhbGciOiJIUzI1NiJ9.eyJzdWIiOiJpbnN0cnVjdG9yMSIsImlhdCI6MTcxNTA4ODI5NiwiZXhwIjoxNzE1MDkxODk2fQ.UP-zgfzkf4dJgebyPFunj8UC0r2B_rgu0j531bRapXQ
backend-1   | 2024-05-07T13:26:21.239Z  INFO 1 --- [peerpulse] [nio-8500-exec-6] com.spe.peerpulse.service.JwtService     : Extracting token expiration date: Tue May 07 14:24:56 UTC 2024
backend-1   | 2024-05-07T13:26:21.240Z  INFO 1 --- [peerpulse] [nio-8500-exec-6] com.spe.peerpulse.service.JwtService     : Extracting expiration date from token: eyJhbGciOiJIUzI1NiJ9.eyJzdWIiOiJpbnN0cnVjdG9yMSIsImlhdCI6MTcxNTA4ODI5NiwiZXhwIjoxNzE1MDkxODk2fQ.UP-zgfzkf4dJgebyPFunj8UC0r2B_rgu0j531bRapXQ
backend-1   | 2024-05-07T13:26:21.241Z  INFO 1 --- [peerpulse] [nio-8500-exec-6] com.spe.peerpulse.service.JwtService     : Extracting all claims from token: eyJhbGciOiJIUzI1NiJ9.eyJzdWIiOiJpbnN0cnVjdG9yMSIsImlhdCI6MTcxNTA4ODI5NiwiZXhwIjoxNzE1MDkxODk2fQ.UP-zgfzkf4dJgebyPFunj8UC0r2B_rgu0j531bRapXQ
backend-1   | 2024-05-07T13:26:21.242Z  INFO 1 --- [peerpulse] [nio-8500-exec-8] com.spe.peerpulse.service.JwtService     : Checking if token is expired: false
backend-1   | 2024-05-07T13:26:21.243Z  INFO 1 --- [peerpulse] [nio-8500-exec-8] com.spe.peerpulse.service.JwtService     : Extracting expiration date from token: eyJhbGciOiJIUzI1NiJ9.eyJzdWIiOiJpbnN0cnVjdG9yMSIsImlhdCI6MTcxNTA4ODI5NiwiZXhwIjoxNzE1MDkxODk2fQ.UP-zgfzkf4dJgebyPFunj8UC0r2B_rgu0j531bRapXQ
backend-1   | 2024-05-07T13:26:21.244Z  INFO 1 --- [peerpulse] [nio-8500-exec-8] com.spe.peerpulse.service.JwtService     : Extracting all claims from token: eyJhbGciOiJIUzI1NiJ9.eyJzdWIiOiJpbnN0cnVjdG9yMSIsImlhdCI6MTcxNTA4ODI5NiwiZXhwIjoxNzE1MDkxODk2fQ.UP-zgfzkf4dJgebyPFunj8UC0r2B_rgu0j531bRapXQ
backend-1   | 2024-05-07T13:26:21.247Z  INFO 1 --- [peerpulse] [nio-8500-exec-7] com.spe.peerpulse.service.JwtService     : Checking if token is expired: false
backend-1   | 2024-05-07T13:26:21.248Z  INFO 1 --- [peerpulse] [nio-8500-exec-7] com.spe.peerpulse.service.JwtService     : Extracting expiration date from token: eyJhbGciOiJIUzI1NiJ9.eyJzdWIiOiJpbnN0cnVjdG9yMSIsImlhdCI6MTcxNTA4ODI5NiwiZXhwIjoxNzE1MDkxODk2fQ.UP-zgfzkf4dJgebyPFunj8UC0r2B_rgu0j531bRapXQ
backend-1   | 2024-05-07T13:26:21.249Z  INFO 1 --- [peerpulse] [nio-8500-exec-7] com.spe.peerpulse.service.JwtService     : Extracting all claims from token: eyJhbGciOiJIUzI1NiJ9.eyJzdWIiOiJpbnN0cnVjdG9yMSIsImlhdCI6MTcxNTA4ODI5NiwiZXhwIjoxNzE1MDkxODk2fQ.UP-zgfzkf4dJgebyPFunj8UC0r2B_rgu0j531bRapXQ
backend-1   | 2024-05-07T13:26:21.250Z  INFO 1 --- [peerpulse] [nio-8500-exec-6] com.spe.peerpulse.service.JwtService     : Checking if token is expired: false
backend-1   | 2024-05-07T13:26:21.250Z  INFO 1 --- [peerpulse] [nio-8500-exec-6] com.spe.peerpulse.service.JwtService     : Extracting expiration date from token: eyJhbGciOiJIUzI1NiJ9.eyJzdWIiOiJpbnN0cnVjdG9yMSIsImlhdCI6MTcxNTA4ODI5NiwiZXhwIjoxNzE1MDkxODk2fQ.UP-zgfzkf4dJgebyPFunj8UC0r2B_rgu0j531bRapXQ
backend-1   | 2024-05-07T13:26:21.251Z  INFO 1 --- [peerpulse] [nio-8500-exec-6] com.spe.peerpulse.service.JwtService     : Extracting all claims from token: eyJhbGciOiJIUzI1NiJ9.eyJzdWIiOiJpbnN0cnVjdG9yMSIsImlhdCI6MTcxNTA4ODI5NiwiZXhwIjoxNzE1MDkxODk2fQ.UP-zgfzkf4dJgebyPFunj8UC0r2B_rgu0j531bRapXQ
backend-1   | 2024-05-07T13:26:21.251Z  INFO 1 --- [peerpulse] [nio-8500-exec-8] com.spe.peerpulse.service.JwtService     : Extracting token expiration date: Tue May 07 14:24:56 UTC 2024
backend-1   | 2024-05-07T13:26:21.252Z  INFO 1 --- [peerpulse] [nio-8500-exec-8] com.spe.peerpulse.service.JwtService     : Extracting expiration date from token: eyJhbGciOiJIUzI1NiJ9.eyJzdWIiOiJpbnN0cnVjdG9yMSIsImlhdCI6MTcxNTA4ODI5NiwiZXhwIjoxNzE1MDkxODk2fQ.UP-zgfzkf4dJgebyPFunj8UC0r2B_rgu0j531bRapXQ
backend-1   | 2024-05-07T13:26:21.253Z  INFO 1 --- [peerpulse] [nio-8500-exec-8] com.spe.peerpulse.service.JwtService     : Extracting all claims from token: eyJhbGciOiJIUzI1NiJ9.eyJzdWIiOiJpbnN0cnVjdG9yMSIsImlhdCI6MTcxNTA4ODI5NiwiZXhwIjoxNzE1MDkxODk2fQ.UP-zgfzkf4dJgebyPFunj8UC0r2B_rgu0j531bRapXQ
backend-1   | 2024-05-07T13:26:21.257Z  INFO 1 --- [peerpulse] [nio-8500-exec-6] com.spe.peerpulse.service.JwtService     : Checking if token is expired: false
backend-1   | 2024-05-07T13:26:21.257Z  INFO 1 --- [peerpulse] [nio-8500-exec-7] com.spe.peerpulse.service.JwtService     : Extracting token expiration date: Tue May 07 14:24:56 UTC 2024
backend-1   | 2024-05-07T13:26:21.257Z  INFO 1 --- [peerpulse] [nio-8500-exec-6] com.spe.peerpulse.service.JwtService     : Extracting expiration date from token: eyJhbGciOiJIUzI1NiJ9.eyJzdWIiOiJpbnN0cnVjdG9yMSIsImlhdCI6MTcxNTA4ODI5NiwiZXhwIjoxNzE1MDkxODk2fQ.UP-zgfzkf4dJgebyPFunj8UC0r2B_rgu0j531bRapXQ
backend-1   | 2024-05-07T13:26:21.257Z  INFO 1 --- [peerpulse] [nio-8500-exec-7] com.spe.peerpulse.service.JwtService     : Extracting expiration date from token: eyJhbGciOiJIUzI1NiJ9.eyJzdWIiOiJpbnN0cnVjdG9yMSIsImlhdCI6MTcxNTA4ODI5NiwiZXhwIjoxNzE1MDkxODk2fQ.UP-zgfzkf4dJgebyPFunj8UC0r2B_rgu0j531bRapXQ
backend-1   | 2024-05-07T13:26:21.257Z  INFO 1 --- [peerpulse] [nio-8500-exec-6] com.spe.peerpulse.service.JwtService     : Extracting all claims from token: eyJhbGciOiJIUzI1NiJ9.eyJzdWIiOiJpbnN0cnVjdG9yMSIsImlhdCI6MTcxNTA4ODI5NiwiZXhwIjoxNzE1MDkxODk2fQ.UP-zgfzkf4dJgebyPFunj8UC0r2B_rgu0j531bRapXQ
backend-1   | 2024-05-07T13:26:21.257Z  INFO 1 --- [peerpulse] [nio-8500-exec-7] com.spe.peerpulse.service.JwtService     : Extracting all claims from token: eyJhbGciOiJIUzI1NiJ9.eyJzdWIiOiJpbnN0cnVjdG9yMSIsImlhdCI6MTcxNTA4ODI5NiwiZXhwIjoxNzE1MDkxODk2fQ.UP-zgfzkf4dJgebyPFunj8UC0r2B_rgu0j531bRapXQ
backend-1   | 2024-05-07T13:26:21.259Z  INFO 1 --- [peerpulse] [nio-8500-exec-8] com.spe.peerpulse.service.JwtService     : Checking if token is expired: false
backend-1   | 2024-05-07T13:26:21.260Z  INFO 1 --- [peerpulse] [nio-8500-exec-8] com.spe.peerpulse.service.JwtService     : Extracting expiration date from token: eyJhbGciOiJIUzI1NiJ9.eyJzdWIiOiJpbnN0cnVjdG9yMSIsImlhdCI6MTcxNTA4ODI5NiwiZXhwIjoxNzE1MDkxODk2fQ.UP-zgfzkf4dJgebyPFunj8UC0r2B_rgu0j531bRapXQ
backend-1   | 2024-05-07T13:26:21.260Z  INFO 1 --- [peerpulse] [nio-8500-exec-8] com.spe.peerpulse.service.JwtService     : Extracting all claims from token: eyJhbGciOiJIUzI1NiJ9.eyJzdWIiOiJpbnN0cnVjdG9yMSIsImlhdCI6MTcxNTA4ODI5NiwiZXhwIjoxNzE1MDkxODk2fQ.UP-zgfzkf4dJgebyPFunj8UC0r2B_rgu0j531bRapXQ
backend-1   | 2024-05-07T13:26:21.263Z  INFO 1 --- [peerpulse] [nio-8500-exec-7] com.spe.peerpulse.service.JwtService     : Checking if token is expired: false
backend-1   | 2024-05-07T13:26:21.263Z  INFO 1 --- [peerpulse] [nio-8500-exec-6] com.spe.peerpulse.service.JwtService     : Extracting token expiration date: Tue May 07 14:24:56 UTC 2024
backend-1   | 2024-05-07T13:26:21.264Z  INFO 1 --- [peerpulse] [nio-8500-exec-7] com.spe.peerpulse.service.JwtService     : Extracting expiration date from token: eyJhbGciOiJIUzI1NiJ9.eyJzdWIiOiJpbnN0cnVjdG9yMSIsImlhdCI6MTcxNTA4ODI5NiwiZXhwIjoxNzE1MDkxODk2fQ.UP-zgfzkf4dJgebyPFunj8UC0r2B_rgu0j531bRapXQ
backend-1   | 2024-05-07T13:26:21.264Z  INFO 1 --- [peerpulse] [nio-8500-exec-6] com.spe.peerpulse.service.JwtService     : Extracting expiration date from token: eyJhbGciOiJIUzI1NiJ9.eyJzdWIiOiJpbnN0cnVjdG9yMSIsImlhdCI6MTcxNTA4ODI5NiwiZXhwIjoxNzE1MDkxODk2fQ.UP-zgfzkf4dJgebyPFunj8UC0r2B_rgu0j531bRapXQ
backend-1   | 2024-05-07T13:26:21.264Z  INFO 1 --- [peerpulse] [nio-8500-exec-7] com.spe.peerpulse.service.JwtService     : Extracting all claims from token: eyJhbGciOiJIUzI1NiJ9.eyJzdWIiOiJpbnN0cnVjdG9yMSIsImlhdCI6MTcxNTA4ODI5NiwiZXhwIjoxNzE1MDkxODk2fQ.UP-zgfzkf4dJgebyPFunj8UC0r2B_rgu0j531bRapXQ
backend-1   | 2024-05-07T13:26:21.265Z  INFO 1 --- [peerpulse] [nio-8500-exec-6] com.spe.peerpulse.service.JwtService     : Extracting all claims from token: eyJhbGciOiJIUzI1NiJ9.eyJzdWIiOiJpbnN0cnVjdG9yMSIsImlhdCI6MTcxNTA4ODI5NiwiZXhwIjoxNzE1MDkxODk2fQ.UP-zgfzkf4dJgebyPFunj8UC0r2B_rgu0j531bRapXQ
backend-1   | 2024-05-07T13:26:21.270Z  INFO 1 --- [peerpulse] [nio-8500-exec-6] com.spe.peerpulse.service.JwtService     : Checking if token is expired: false
backend-1   | 2024-05-07T13:26:21.271Z  INFO 1 --- [peerpulse] [nio-8500-exec-6] com.spe.peerpulse.service.JwtService     : Extracting expiration date from token: eyJhbGciOiJIUzI1NiJ9.eyJzdWIiOiJpbnN0cnVjdG9yMSIsImlhdCI6MTcxNTA4ODI5NiwiZXhwIjoxNzE1MDkxODk2fQ.UP-zgfzkf4dJgebyPFunj8UC0r2B_rgu0j531bRapXQ
backend-1   | 2024-05-07T13:26:21.271Z  INFO 1 --- [peerpulse] [nio-8500-exec-6] com.spe.peerpulse.service.JwtService     : Extracting all claims from token: eyJhbGciOiJIUzI1NiJ9.eyJzdWIiOiJpbnN0cnVjdG9yMSIsImlhdCI6MTcxNTA4ODI5NiwiZXhwIjoxNzE1MDkxODk2fQ.UP-zgfzkf4dJgebyPFunj8UC0r2B_rgu0j531bRapXQ
backend-1   | 2024-05-07T13:26:21.273Z  INFO 1 --- [peerpulse] [nio-8500-exec-8] c.s.peerpulse.service.InstructorService  : Validating class ID: 1
backend-1   | Hibernate: select c1_0.class_id,c1_0.description,c1_0.name,c1_0.teacher_id from class c1_0 where c1_0.class_id=?
backend-1   | 2024-05-07T13:26:21.275Z  INFO 1 --- [peerpulse] [nio-8500-exec-7] c.s.peerpulse.service.InstructorService  : Validating class ID: 1
backend-1   | Hibernate: select c1_0.class_id,c1_0.description,c1_0.name,c1_0.teacher_id from class c1_0 where c1_0.class_id=?
backend-1   | 2024-05-07T13:26:21.291Z  INFO 1 --- [peerpulse] [nio-8500-exec-6] c.s.peerpulse.service.InstructorService  : Validating class ID: 1
backend-1   | Hibernate: select c1_0.class_id,c1_0.description,c1_0.name,c1_0.teacher_id from class c1_0 where c1_0.class_id=?
backend-1   | 2024-05-07T13:26:21.294Z  INFO 1 --- [peerpulse] [nio-8500-exec-8] c.s.peerpulse.service.InstructorService  : Validating teacher ID: 1
backend-1   | 2024-05-07T13:26:21.294Z  INFO 1 --- [peerpulse] [nio-8500-exec-7] c.s.peerpulse.service.InstructorService  : Validating teacher ID: 1
backend-1   | 2024-05-07T13:26:21.298Z  INFO 1 --- [peerpulse] [nio-8500-exec-6] c.s.peerpulse.service.InstructorService  : Validating teacher ID: 1
backend-1   | 2024-05-07T13:26:21.300Z  INFO 1 --- [peerpulse] [nio-8500-exec-7] c.s.peerpulse.service.InstructorService  : Finding all groups for classId=1
backend-1   | 2024-05-07T13:26:21.301Z  INFO 1 --- [peerpulse] [nio-8500-exec-8] c.s.peerpulse.service.InstructorService  : Finding all topics for class with ID: 1
backend-1   | 2024-05-07T13:26:21.304Z  INFO 1 --- [peerpulse] [nio-8500-exec-6] c.s.peerpulse.service.InstructorService  : Finding class with id=1
backend-1   | Hibernate: select cg1_0.class_group_id,cg1_0.class_id,cg1_0.description,cg1_0.name from class_group cg1_0 left join class co1_0 on co1_0.class_id=cg1_0.class_id where co1_0.class_id=?
backend-1   | Hibernate: select t1_0.topic_id,t1_0.class_id,t1_0.description,t1_0.name from topic t1_0 left join class co1_0 on co1_0.class_id=t1_0.class_id where co1_0.class_id=?
frontend-1  | 172.18.0.1 - - [07/May/2024:13:26:21 +0000] "GET /app/instructor/class/1 HTTP/1.1" 200 97 "http://localhost:8080/instructor-class/1" "Mozilla/5.0 (X11; Linux x86_64) AppleWebKit/537.36 (KHTML, like Gecko) Chrome/124.0.0.0 Safari/537.36" "-"
frontend-1  | 172.18.0.1 - - [07/May/2024:13:26:21 +0000] "GET /app/instructor/groups?classId=1 HTTP/1.1" 200 12 "http://localhost:8080/instructor-class/1" "Mozilla/5.0 (X11; Linux x86_64) AppleWebKit/537.36 (KHTML, like Gecko) Chrome/124.0.0.0 Safari/537.36" "-"
backend-1   | 2024-05-07T13:26:21.985Z  INFO 1 --- [peerpulse] [nio-8500-exec-8] c.s.peerpulse.service.InstructorService  : Found 0 topics for class with ID: 1
frontend-1  | 172.18.0.1 - - [07/May/2024:13:26:21 +0000] "GET /app/instructor/topics?classId=1 HTTP/1.1" 200 12 "http://localhost:8080/instructor-class/1" "Mozilla/5.0 (X11; Linux x86_64) AppleWebKit/537.36 (KHTML, like Gecko) Chrome/124.0.0.0 Safari/537.36" "-"
backend-1   | 2024-05-07T13:27:25.764Z  INFO 1 --- [peerpulse] [nio-8500-exec-9] com.spe.peerpulse.service.AuthService    : Register function is called.
backend-1   | Hibernate: insert into user (email,firstname,lastname,password,phone_number,role,username) values (?,?,?,?,?,?,?)
backend-1   | 2024-05-07T13:27:26.218Z  INFO 1 --- [peerpulse] [nio-8500-exec-9] com.spe.peerpulse.service.JwtService     : Generating token for user: student1
backend-1   | 2024-05-07T13:27:26.218Z  INFO 1 --- [peerpulse] [nio-8500-exec-9] com.spe.peerpulse.service.JwtService     : Generating JWT token for student1
frontend-1  | 172.18.0.1 - - [07/May/2024:13:27:26 +0000] "POST /app/auth/register HTTP/1.1" 200 277 "http://localhost:8080/register" "Mozilla/5.0 (X11; Linux x86_64) AppleWebKit/537.36 (KHTML, like Gecko) Chrome/124.0.0.0 Safari/537.36" "-"
backend-1   | 2024-05-07T13:27:40.601Z  INFO 1 --- [peerpulse] [io-8500-exec-10] com.spe.peerpulse.service.AuthService    : Login function is called.
backend-1   | 2024-05-07T13:27:40.602Z  INFO 1 --- [peerpulse] [io-8500-exec-10] c.s.p.service.UserDetailsServiceImpl     : Loading user by username: student1
backend-1   | Hibernate: select u1_0.id,u1_0.email,u1_0.firstname,u1_0.lastname,u1_0.password,u1_0.phone_number,u1_0.role,u1_0.username from user u1_0 where u1_0.username=?
frontend-1  | 172.18.0.1 - - [07/May/2024:13:27:40 +0000] "POST /app/auth/login HTTP/1.1" 403 0 "http://localhost:8080/login" "Mozilla/5.0 (X11; Linux x86_64) AppleWebKit/537.36 (KHTML, like Gecko) Chrome/124.0.0.0 Safari/537.36" "-"
backend-1   | 2024-05-07T13:27:48.841Z  INFO 1 --- [peerpulse] [nio-8500-exec-1] com.spe.peerpulse.service.AuthService    : Login function is called.
backend-1   | 2024-05-07T13:27:48.842Z  INFO 1 --- [peerpulse] [nio-8500-exec-1] c.s.p.service.UserDetailsServiceImpl     : Loading user by username: 
backend-1   | Hibernate: select u1_0.id,u1_0.email,u1_0.firstname,u1_0.lastname,u1_0.password,u1_0.phone_number,u1_0.role,u1_0.username from user u1_0 where u1_0.username=?
frontend-1  | 172.18.0.1 - - [07/May/2024:13:27:49 +0000] "POST /app/auth/login HTTP/1.1" 403 0 "http://localhost:8080/login" "Mozilla/5.0 (X11; Linux x86_64) AppleWebKit/537.36 (KHTML, like Gecko) Chrome/124.0.0.0 Safari/537.36" "-"
frontend-1  | 2024/05/07 13:29:25 [notice] 1#1: signal 3 (SIGQUIT) received, shutting down
frontend-1  | 2024/05/07 13:29:25 [notice] 21#21: gracefully shutting down
frontend-1  | 2024/05/07 13:29:25 [notice] 22#22: gracefully shutting down
frontend-1  | 2024/05/07 13:29:25 [notice] 24#24: gracefully shutting down
frontend-1  | 2024/05/07 13:29:25 [notice] 20#20: gracefully shutting down
frontend-1  | 2024/05/07 13:29:25 [notice] 23#23: gracefully shutting down
frontend-1  | 2024/05/07 13:29:25 [notice] 21#21: exiting
frontend-1  | 2024/05/07 13:29:25 [notice] 22#22: exiting
frontend-1  | 2024/05/07 13:29:25 [notice] 24#24: exiting
frontend-1  | 2024/05/07 13:29:25 [notice] 25#25: gracefully shutting down
frontend-1  | 2024/05/07 13:29:25 [notice] 23#23: exiting
frontend-1  | 2024/05/07 13:29:25 [notice] 20#20: exiting
frontend-1  | 2024/05/07 13:29:25 [notice] 25#25: exiting
frontend-1  | 2024/05/07 13:29:25 [notice] 21#21: exit
frontend-1  | 2024/05/07 13:29:25 [notice] 24#24: exit
frontend-1  | 2024/05/07 13:29:25 [notice] 20#20: exit
frontend-1  | 2024/05/07 13:29:25 [notice] 23#23: exit
frontend-1  | 2024/05/07 13:29:25 [notice] 22#22: exit
frontend-1  | 2024/05/07 13:29:25 [notice] 25#25: exit
frontend-1  | 2024/05/07 13:29:25 [notice] 26#26: gracefully shutting down
frontend-1  | 2024/05/07 13:29:25 [notice] 26#26: exiting
frontend-1  | 2024/05/07 13:29:25 [notice] 26#26: exit
frontend-1  | 2024/05/07 13:29:25 [notice] 27#27: gracefully shutting down
frontend-1  | 2024/05/07 13:29:25 [notice] 27#27: exiting
frontend-1  | 2024/05/07 13:29:25 [notice] 27#27: exit
frontend-1  | 2024/05/07 13:29:25 [notice] 1#1: signal 17 (SIGCHLD) received from 26
frontend-1  | 2024/05/07 13:29:25 [notice] 1#1: worker process 26 exited with code 0
frontend-1  | 2024/05/07 13:29:25 [notice] 1#1: signal 29 (SIGIO) received
frontend-1  | 2024/05/07 13:29:25 [notice] 1#1: signal 17 (SIGCHLD) received from 23
frontend-1  | 2024/05/07 13:29:25 [notice] 1#1: worker process 23 exited with code 0
frontend-1  | 2024/05/07 13:29:25 [notice] 1#1: signal 29 (SIGIO) received
frontend-1  | 2024/05/07 13:29:25 [notice] 1#1: signal 17 (SIGCHLD) received from 21
frontend-1  | 2024/05/07 13:29:25 [notice] 1#1: worker process 21 exited with code 0
frontend-1  | 2024/05/07 13:29:25 [notice] 1#1: worker process 25 exited with code 0
frontend-1  | 2024/05/07 13:29:25 [notice] 1#1: signal 29 (SIGIO) received
frontend-1  | 2024/05/07 13:29:25 [notice] 1#1: signal 17 (SIGCHLD) received from 25
frontend-1  | 2024/05/07 13:29:25 [notice] 1#1: signal 17 (SIGCHLD) received from 20
frontend-1  | 2024/05/07 13:29:25 [notice] 1#1: worker process 20 exited with code 0
frontend-1  | 2024/05/07 13:29:25 [notice] 1#1: signal 29 (SIGIO) received
frontend-1  | 2024/05/07 13:29:25 [notice] 1#1: signal 17 (SIGCHLD) received from 27
frontend-1  | 2024/05/07 13:29:25 [notice] 1#1: worker process 27 exited with code 0
frontend-1  | 2024/05/07 13:29:25 [notice] 1#1: signal 29 (SIGIO) received
frontend-1  | 2024/05/07 13:29:25 [notice] 1#1: signal 17 (SIGCHLD) received from 24
frontend-1  | 2024/05/07 13:29:25 [notice] 1#1: worker process 24 exited with code 0
frontend-1  | 2024/05/07 13:29:25 [notice] 1#1: signal 29 (SIGIO) received
frontend-1  | 2024/05/07 13:29:25 [notice] 1#1: signal 17 (SIGCHLD) received from 22
frontend-1  | 2024/05/07 13:29:25 [notice] 1#1: worker process 22 exited with code 0
frontend-1  | 2024/05/07 13:29:25 [notice] 1#1: exit
frontend-1 exited with code 0
backend-1   | 2024-05-07T13:29:29.316Z  INFO 1 --- [peerpulse] [ionShutdownHook] j.LocalContainerEntityManagerFactoryBean : Closing JPA EntityManagerFactory for persistence unit 'default'
backend-1   | 2024-05-07T13:29:29.322Z  INFO 1 --- [peerpulse] [ionShutdownHook] com.zaxxer.hikari.HikariDataSource       : HikariPool-1 - Shutdown initiated...
backend-1   | 2024-05-07T13:29:29.347Z  INFO 1 --- [peerpulse] [ionShutdownHook] com.zaxxer.hikari.HikariDataSource       : HikariPool-1 - Shutdown completed.
backend-1 exited with code 0
mysqldb-1   | 2024-05-07T13:29:34.958293Z 0 [System] [MY-013172] [Server] Received SHUTDOWN from user <via user signal>. Shutting down mysqld (Version: 8.0.37).
mysqldb-1   | 2024-05-07T13:29:36.518309Z 0 [System] [MY-010910] [Server] /usr/sbin/mysqld: Shutdown complete (mysqld 8.0.37)  MySQL Community Server - GPL.
mysqldb-1 exited with code 0
